[debug] > Exec(;set _root_.scala.collection.Seq(historyPath := None,shellPrompt := { _ => "" },SettingKey[_root_.scala.Option[_root_.sbt.File]]("sbtStructureOutputFile") in _root_.sbt.Global := _root_.scala.Some(_root_.sbt.file("/private/var/folders/jt/14p00l7x69q2xfw5b6zzb2d40000gn/T/sbt-structure.xml")),SettingKey[_root_.java.lang.String]("sbtStructureOptions") in _root_.sbt.Global := "download, resolveClassifiers");apply -cp "/Users/apple/Library/Application Support/JetBrains/IdeaIC2021.1/plugins/Scala/repo/org/jetbrains/scala/sbt-structure-extractor_2.12_1.0/2021.1.1/sbt-structure-extractor-2021.1.1.jar" org.jetbrains.sbt.CreateTasks;*/*:dumpStructure, Some(7d31730a-f9f7-49b6-a937-d076f1d0fb7d), Some(CommandSource(console0)))
[debug] > Exec(set _root_.scala.collection.Seq(historyPath := None,shellPrompt := { _ => "" },SettingKey[_root_.scala.Option[_root_.sbt.File]]("sbtStructureOutputFile") in _root_.sbt.Global := _root_.scala.Some(_root_.sbt.file("/private/var/folders/jt/14p00l7x69q2xfw5b6zzb2d40000gn/T/sbt-structure.xml")),SettingKey[_root_.java.lang.String]("sbtStructureOptions") in _root_.sbt.Global := "download, resolveClassifiers"), None, Some(CommandSource(console0)))
[info] Defining Global / sbtStructureOptions, Global / sbtStructureOutputFile and 1 others.
[info] The new values will be used by cleanKeepGlobs
[info] 	Run `last` for details.
[debug] Defining 
[debug] 	Global / sbtStructureOptions
[debug] 	Global / sbtStructureOutputFile
[debug] 	history
[debug] 	shellPrompt
[debug] 
[debug] The new values will be used by 
[debug] 	cleanKeepGlobs
[info] Reapplying settings...
[info] set current project to Expenses-API (in build file:/Users/apple/Documents/My%20Scala%20Projects/Expenses-API/)
[debug] > Exec(apply -cp "/Users/apple/Library/Application Support/JetBrains/IdeaIC2021.1/plugins/Scala/repo/org/jetbrains/scala/sbt-structure-extractor_2.12_1.0/2021.1.1/sbt-structure-extractor-2021.1.1.jar" org.jetbrains.sbt.CreateTasks, None, Some(CommandSource(console0)))
[info] Applying State transformations org.jetbrains.sbt.CreateTasks from /Users/apple/Library/Application Support/JetBrains/IdeaIC2021.1/plugins/Scala/repo/org/jetbrains/scala/sbt-structure-extractor_2.12_1.0/2021.1.1/sbt-structure-extractor-2021.1.1.jar
[info] Reapplying settings...
[info] set current project to Expenses-API (in build file:/Users/apple/Documents/My%20Scala%20Projects/Expenses-API/)
[debug] > Exec(*/*:dumpStructure, None, Some(CommandSource(console0)))
[debug] Evaluating tasks: Global / dumpStructure
[debug] Running task... Cancel: Signal, check cycles: false, forcegc: true
[warn] There may be incompatibilities among your library dependencies; run 'evicted' to see detailed eviction warnings.
[info] shutting down sbt server
